<?xml version="1.0" encoding="UTF-8"?>
<!-- Generated by org.testng.reporters.JUnitReportReporter -->
<testsuite hostname="DESKTOP-8BK2FET" failures="0" tests="1" name="testPackage.Day1" time="0.009" errors="0" timestamp="02 Dec 2019 06:06:25 GMT" skipped="0">
  <testcase classname="testPackage.Day1" name="SecondDemo" time="0.009"/>
</testsuite> <!-- testPackage.Day1 -->
