<?xml version="1.0" encoding="UTF-8"?>
<!-- Generated by org.testng.reporters.JUnitReportReporter -->
<testsuite hostname="DESKTOP-8BK2FET" failures="0" tests="1" name="testPackage.Day2" time="0.001" errors="0" timestamp="02 Dec 2019 05:02:52 GMT" skipped="0">
  <testcase classname="testPackage.Day2" name="pLoan" time="0.001"/>
</testsuite> <!-- testPackage.Day2 -->
