<?xml version="1.0" encoding="UTF-8"?>
<!-- Generated by org.testng.reporters.JUnitReportReporter -->
<testsuite hostname="DESKTOP-8BK2FET" failures="0" tests="2" name="testPackage.Day4" time="0.002" errors="0" timestamp="02 Dec 2019 06:06:25 GMT" skipped="0">
  <testcase classname="testPackage.Day4" name="apiloginCar" time="0.001"/>
  <testcase classname="testPackage.Day4" name="mobileloginCar" time="0.001"/>
</testsuite> <!-- testPackage.Day4 -->
